<!DOCTYPE html PUBLIC "-//W3C//DTD XHTML 1.1//EN" "http://www.w3.org/TR/xhtml11/DTD/xhtml11.dtd">
<html xmlns="http://www.w3.org/1999/xhtml"><head><title>TestNG Report</title><style type="text/css">table {margin-bottom:10px;border-collapse:collapse;empty-cells:show}th,td {border:1px solid #009;padding:.25em .5em}th {vertical-align:bottom}td {vertical-align:top}table a {font-weight:bold}.stripe td {background-color: #E6EBF9}.num {text-align:right}.passedodd td {background-color: #3F3}.passedeven td {background-color: #0A0}.skippedodd td {background-color: #DDD}.skippedeven td {background-color: #CCC}.failedodd td,.attn {background-color: #F33}.failedeven td,.stripe .attn {background-color: #D00}.stacktrace {white-space:pre;font-family:monospace}.totop {font-size:85%;text-align:center;border-bottom:2px solid #000}</style></head><body><table><tr><th>Test</th><th># Passed</th><th># Skipped</th><th># Failed</th><th>Time (ms)</th><th>Included Groups</th><th>Excluded Groups</th></tr><tr><th colspan="7">SuiteName</th></tr><tr><td><a href="#t0">Login Test</a></td><td class="num">0</td><td class="num">0</td><td class="num attn">2</td><td class="num">15,690</td><td></td><td></td></tr><tr class="stripe"><td><a href="#t1">Lead Test</a></td><td class="num">3</td><td class="num">0</td><td class="num">0</td><td class="num">36</td><td></td><td></td></tr><tr><td><a href="#t2">Potential Test</a></td><td class="num">2</td><td class="num">0</td><td class="num">0</td><td class="num">16</td><td></td><td></td></tr><tr><th>Total</th><th class="num">5</th><th class="num">0</th><th class="num attn">2</th><th class="num">15,742</th><th colspan="2"></th></tr></table><table><thead><tr><th>Class</th><th>Method</th><th>Start</th><th>Time (ms)</th></tr></thead><tbody><tr><th colspan="4">SuiteName</th></tr></tbody><tbody id="t0"><tr><th colspan="4">Login Test &#8212; failed</th></tr><tr class="failedeven"><td rowspan="2">com.selenium.ZOHO.project.testcases.LoginTest</td><td><a href="#m0">doLoginTest</a></td><td rowspan="2">1603940118894</td><td rowspan="2">7117</td></tr><tr class="failedeven"><td><a href="#m1">doLoginTest</a></td></tr></tbody><tbody id="t1"><tr><th colspan="4">Lead Test &#8212; passed</th></tr><tr class="passedeven"><td rowspan="3">com.selenium.ZOHO.project.testcases.LeadTest</td><td><a href="#m2">convertLeadTest</a></td><td rowspan="1">1603940133593</td><td rowspan="1">6</td></tr><tr class="passedeven"><td><a href="#m3">createLeadTest</a></td><td rowspan="1">1603940133584</td><td rowspan="1">6</td></tr><tr class="passedeven"><td><a href="#m4">deleteLeadAccountTest</a></td><td rowspan="1">1603940133604</td><td rowspan="1">5</td></tr></tbody><tbody id="t2"><tr><th colspan="4">Potential Test &#8212; passed</th></tr><tr class="passedeven"><td rowspan="2">com.selenium.ZOHO.project.testcases.PotentialTest</td><td><a href="#m5">createPotentialTest</a></td><td rowspan="1">1603940133652</td><td rowspan="1">3</td></tr><tr class="passedeven"><td><a href="#m6">deletePotentialAccountTest</a></td><td rowspan="1">1603940133659</td><td rowspan="1">3</td></tr></tbody></table><h2>Login Test</h2><h3 id="m0">com.selenium.ZOHO.project.testcases.LoginTest#doLoginTest</h3><table class="result"><tr class="param"><th>Parameter #1</th></tr><tr class="param stripe"><td>{Username=kaagbotah@gmail.com, ExpectedResult=Y, Password=dq6D4FbTKiuxU8m, Runmode=Y, Browser=Chrome}</td></tr><tr><th>Exception</th></tr><tr><td><div class="stacktrace">org.openqa.selenium.WebDriverException: unknown error: net::ERR_NAME_NOT_RESOLVED
  (Session info: chrome=86.0.4240.111)
  (Driver info: chromedriver=85.0.4183.87 (cd6713ebf92fa1cacc0f1a598df280093af0c5d7-refs/branch-heads/4183@{#1689}),platform=Windows NT 10.0.18363 x86_64) (WARNING: The server did not provide any stacktrace information)
Command duration or timeout: 633 milliseconds
Build info: version: &apos;2.52.0&apos;, revision: &apos;4c2593cfc3689a7fcd7be52549167e5ccc93ad28&apos;, time: &apos;2016-02-11 11:22:43&apos;
System info: host: &apos;DESKTOP-HH53EFL&apos;, ip: &apos;192.168.56.1&apos;, os.name: &apos;Windows 10&apos;, os.arch: &apos;amd64&apos;, os.version: &apos;10.0&apos;, java.version: &apos;1.8.0_181&apos;
Driver info: org.openqa.selenium.chrome.ChromeDriver
Capabilities [{mobileEmulationEnabled=false, timeouts={implicit=0, pageLoad=300000, script=30000}, hasTouchScreen=false, platform=XP, acceptSslCerts=false, goog:chromeOptions={debuggerAddress=localhost:54845}, acceptInsecureCerts=false, webStorageEnabled=true, browserName=chrome, takesScreenshot=true, javascriptEnabled=true, setWindowRect=true, unexpectedAlertBehaviour=ignore, applicationCacheEnabled=false, rotatable=false, networkConnectionEnabled=false, chrome={chromedriverVersion=85.0.4183.87 (cd6713ebf92fa1cacc0f1a598df280093af0c5d7-refs/branch-heads/4183@{#1689}), userDataDir=C:\Users\kaagb\AppData\Local\Temp\scoped_dir18208_1801830971}, takesHeapSnapshot=true, pageLoadStrategy=normal, strictFileInteractability=false, databaseEnabled=false, handlesAlerts=true, version=86.0.4240.111, browserConnectionEnabled=false, proxy={}, nativeEvents=true, locationContextEnabled=true, cssSelectorsEnabled=true, webauthn:virtualAuthenticators=true}]
Session ID: 3e56ae2647f0c31e860e9fb883314d0c
	at org.openqa.selenium.remote.ErrorHandler.createThrowable(ErrorHandler.java:206)
	at org.openqa.selenium.remote.ErrorHandler.throwIfResponseFailed(ErrorHandler.java:158)
	at org.openqa.selenium.remote.RemoteWebDriver.execute(RemoteWebDriver.java:678)
	at org.openqa.selenium.remote.RemoteWebDriver.get(RemoteWebDriver.java:316)
	at com.selenium.ZOHO.project.base.BaseTest.navigate(BaseTest.java:113)
	at com.selenium.ZOHO.project.testcases.LoginTest.doLoginTest(LoginTest.java:43)
... Removed 28 stack frames</div></td></tr></table><p class="totop"><a href="#summary">back to summary</a></p><h3 id="m1">com.selenium.ZOHO.project.testcases.LoginTest#doLoginTest</h3><table class="result"><tr class="param"><th>Parameter #1</th></tr><tr class="param stripe"><td>{Username=ramasqa8@gmail.com, ExpectedResult=N, Password=invalidpwd, Runmode=y, Browser=Chrome}</td></tr><tr><th>Exception</th></tr><tr><td><div class="stacktrace">org.openqa.selenium.WebDriverException: unknown error: net::ERR_NAME_NOT_RESOLVED
  (Session info: chrome=86.0.4240.111)
  (Driver info: chromedriver=85.0.4183.87 (cd6713ebf92fa1cacc0f1a598df280093af0c5d7-refs/branch-heads/4183@{#1689}),platform=Windows NT 10.0.18363 x86_64) (WARNING: The server did not provide any stacktrace information)
Command duration or timeout: 696 milliseconds
Build info: version: &apos;2.52.0&apos;, revision: &apos;4c2593cfc3689a7fcd7be52549167e5ccc93ad28&apos;, time: &apos;2016-02-11 11:22:43&apos;
System info: host: &apos;DESKTOP-HH53EFL&apos;, ip: &apos;192.168.56.1&apos;, os.name: &apos;Windows 10&apos;, os.arch: &apos;amd64&apos;, os.version: &apos;10.0&apos;, java.version: &apos;1.8.0_181&apos;
Driver info: org.openqa.selenium.chrome.ChromeDriver
Capabilities [{mobileEmulationEnabled=false, timeouts={implicit=0, pageLoad=300000, script=30000}, hasTouchScreen=false, platform=XP, acceptSslCerts=false, goog:chromeOptions={debuggerAddress=localhost:54869}, acceptInsecureCerts=false, webStorageEnabled=true, browserName=chrome, takesScreenshot=true, javascriptEnabled=true, setWindowRect=true, unexpectedAlertBehaviour=ignore, applicationCacheEnabled=false, rotatable=false, networkConnectionEnabled=false, chrome={chromedriverVersion=85.0.4183.87 (cd6713ebf92fa1cacc0f1a598df280093af0c5d7-refs/branch-heads/4183@{#1689}), userDataDir=C:\Users\kaagb\AppData\Local\Temp\scoped_dir19436_429034348}, takesHeapSnapshot=true, pageLoadStrategy=normal, strictFileInteractability=false, databaseEnabled=false, handlesAlerts=true, version=86.0.4240.111, browserConnectionEnabled=false, proxy={}, nativeEvents=true, locationContextEnabled=true, cssSelectorsEnabled=true, webauthn:virtualAuthenticators=true}]
Session ID: a977103b9cdd72afee8a306f3d9fb63f
	at org.openqa.selenium.remote.ErrorHandler.createThrowable(ErrorHandler.java:206)
	at org.openqa.selenium.remote.ErrorHandler.throwIfResponseFailed(ErrorHandler.java:158)
	at org.openqa.selenium.remote.RemoteWebDriver.execute(RemoteWebDriver.java:678)
	at org.openqa.selenium.remote.RemoteWebDriver.get(RemoteWebDriver.java:316)
	at com.selenium.ZOHO.project.base.BaseTest.navigate(BaseTest.java:113)
	at com.selenium.ZOHO.project.testcases.LoginTest.doLoginTest(LoginTest.java:43)
... Removed 28 stack frames</div></td></tr></table><p class="totop"><a href="#summary">back to summary</a></p><h2>Lead Test</h2><h3 id="m2">com.selenium.ZOHO.project.testcases.LeadTest#convertLeadTest</h3><table class="result"></table><p class="totop"><a href="#summary">back to summary</a></p><h3 id="m3">com.selenium.ZOHO.project.testcases.LeadTest#createLeadTest</h3><table class="result"></table><p class="totop"><a href="#summary">back to summary</a></p><h3 id="m4">com.selenium.ZOHO.project.testcases.LeadTest#deleteLeadAccountTest</h3><table class="result"></table><p class="totop"><a href="#summary">back to summary</a></p><h2>Potential Test</h2><h3 id="m5">com.selenium.ZOHO.project.testcases.PotentialTest#createPotentialTest</h3><table class="result"></table><p class="totop"><a href="#summary">back to summary</a></p><h3 id="m6">com.selenium.ZOHO.project.testcases.PotentialTest#deletePotentialAccountTest</h3><table class="result"></table><p class="totop"><a href="#summary">back to summary</a></p></body></html>